# JRE version: OpenJDK Runtime Environment (21.0.5) (build 21.0.5+-13047016-b750.29)
# Java VM: OpenJDK 64-Bit Server VM (21.0.5+-13047016-b750.29, mixed mode, tiered, compressed oops, compressed class ptrs, g1 gc, windows-amd64)
GC Precious Log:
 CardTable entry size: 512
 Card Set container configuration: InlinePtr #cards 5 size 8 Array Of Cards #cards 12 size 40 Howl #buckets 4 coarsen threshold 1843 Howl Bitmap #cards 512 size 80 coarsen threshold 460 Card regions per heap region 1 cards per card region 2048
 CPUs: 4 total, 4 available
 Memory: 4006M
 Large Page Support: Disabled
 NUMA Support: Disabled
 Compressed Oops: Enabled (32-bit)
 Heap Region Size: 1M
 Heap Min Capacity: 8M
 Heap Initial Capacity: 64M
 Heap Max Capacity: 2G
 Pre-touch: Disabled
 Parallel Workers: 4
 Concurrent Workers: 1
 Concurrent Refinement Workers: 4
 Periodic GC: Disabled
Heap:
 garbage-first heap   total 80896K, used 57321K [0x0000000080000000, 0x0000000100000000)
  region size 1024K, 3 young (3072K), 2 survivors (2048K)
 Metaspace       used 50508K, committed 51840K, reserved 1114112K
  class space    used 6709K, committed 7360K, reserved 1048576K
GC Heap History (20 events):
Event: 17.037 GC heap before
{Heap before GC invocations=4 (full 0):
 garbage-first heap   total 65536K, used 36141K [0x0000000080000000, 0x0000000100000000)
  region size 1024K, 24 young (24576K), 5 survivors (5120K)
 Metaspace       used 21226K, committed 21504K, reserved 1114112K
  class space    used 2419K, committed 2560K, reserved 1048576K
}
Event: 17.080 GC heap after
{Heap after GC invocations=5 (full 0):
 garbage-first heap   total 65536K, used 20571K [0x0000000080000000, 0x0000000100000000)
  region size 1024K, 3 young (3072K), 3 survivors (3072K)
 Metaspace       used 21226K, committed 21504K, reserved 1114112K
  class space    used 2419K, committed 2560K, reserved 1048576K
}
Event: 25.507 GC heap before
{Heap before GC invocations=6 (full 0):
 garbage-first heap   total 65536K, used 50267K [0x0000000080000000, 0x0000000100000000)
  region size 1024K, 33 young (33792K), 3 survivors (3072K)
 Metaspace       used 26990K, committed 27456K, reserved 1114112K
  class space    used 3290K, committed 3520K, reserved 1048576K
}
Event: 25.540 GC heap after
{Heap after GC invocations=7 (full 0):
 garbage-first heap   total 65536K, used 22057K [0x0000000080000000, 0x0000000100000000)
  region size 1024K, 4 young (4096K), 4 survivors (4096K)
 Metaspace       used 26990K, committed 27456K, reserved 1114112K
  class space    used 3290K, committed 3520K, reserved 1048576K
}
Event: 27.561 GC heap before
{Heap before GC invocations=7 (full 0):
 garbage-first heap   total 65536K, used 53801K [0x0000000080000000, 0x0000000100000000)
  region size 1024K, 35 young (35840K), 4 survivors (4096K)
 Metaspace       used 31214K, committed 31808K, reserved 1114112K
  class space    used 4024K, committed 4288K, reserved 1048576K
}
Event: 27.590 GC heap after
{Heap after GC invocations=8 (full 0):
 garbage-first heap   total 65536K, used 24391K [0x0000000080000000, 0x0000000100000000)
  region size 1024K, 5 young (5120K), 5 survivors (5120K)
 Metaspace       used 31214K, committed 31808K, reserved 1114112K
  class space    used 4024K, committed 4288K, reserved 1048576K
}
Event: 29.026 GC heap before
{Heap before GC invocations=8 (full 0):
 garbage-first heap   total 71680K, used 61255K [0x0000000080000000, 0x0000000100000000)
  region size 1024K, 33 young (33792K), 5 survivors (5120K)
 Metaspace       used 34996K, committed 35904K, reserved 1114112K
  class space    used 4684K, committed 5120K, reserved 1048576K
}
Event: 29.046 GC heap after
{Heap after GC invocations=9 (full 0):
 garbage-first heap   total 72704K, used 37982K [0x0000000080000000, 0x0000000100000000)
  region size 1024K, 5 young (5120K), 5 survivors (5120K)
 Metaspace       used 34996K, committed 35904K, reserved 1114112K
  class space    used 4684K, committed 5120K, reserved 1048576K
}
Event: 38.708 GC heap before
{Heap before GC invocations=10 (full 0):
 garbage-first heap   total 72704K, used 64606K [0x0000000080000000, 0x0000000100000000)
  region size 1024K, 28 young (28672K), 5 survivors (5120K)
 Metaspace       used 37868K, committed 38784K, reserved 1114112K
  class space    used 5099K, committed 5568K, reserved 1048576K
}
Event: 38.737 GC heap after
{Heap after GC invocations=11 (full 0):
 garbage-first heap   total 74752K, used 45364K [0x0000000080000000, 0x0000000100000000)
  region size 1024K, 4 young (4096K), 4 survivors (4096K)
 Metaspace       used 37868K, committed 38784K, reserved 1114112K
  class space    used 5099K, committed 5568K, reserved 1048576K
}
Event: 40.885 GC heap before
{Heap before GC invocations=11 (full 0):
 garbage-first heap   total 74752K, used 64820K [0x0000000080000000, 0x0000000100000000)
  region size 1024K, 23 young (23552K), 4 survivors (4096K)
 Metaspace       used 40198K, committed 41280K, reserved 1114112K
  class space    used 5494K, committed 6016K, reserved 1048576K
}
Event: 40.894 GC heap after
{Heap after GC invocations=12 (full 0):
 garbage-first heap   total 74752K, used 45501K [0x0000000080000000, 0x0000000100000000)
  region size 1024K, 1 young (1024K), 1 survivors (1024K)
 Metaspace       used 40198K, committed 41280K, reserved 1114112K
  class space    used 5494K, committed 6016K, reserved 1048576K
}
Event: 46.752 GC heap before
{Heap before GC invocations=12 (full 0):
 garbage-first heap   total 74752K, used 65981K [0x0000000080000000, 0x0000000100000000)
  region size 1024K, 21 young (21504K), 1 survivors (1024K)
 Metaspace       used 43132K, committed 44480K, reserved 1114112K
  class space    used 5984K, committed 6656K, reserved 1048576K
}
Event: 46.763 GC heap after
{Heap after GC invocations=13 (full 0):
 garbage-first heap   total 74752K, used 46795K [0x0000000080000000, 0x0000000100000000)
  region size 1024K, 3 young (3072K), 3 survivors (3072K)
 Metaspace       used 43132K, committed 44480K, reserved 1114112K
  class space    used 5984K, committed 6656K, reserved 1048576K
}
Event: 49.201 GC heap before
{Heap before GC invocations=14 (full 0):
 garbage-first heap   total 80896K, used 64203K [0x0000000080000000, 0x0000000100000000)
  region size 1024K, 21 young (21504K), 3 survivors (3072K)
 Metaspace       used 47389K, committed 48704K, reserved 1114112K
  class space    used 6443K, committed 7104K, reserved 1048576K
}
Event: 49.211 GC heap after
{Heap after GC invocations=15 (full 0):
 garbage-first heap   total 80896K, used 48920K [0x0000000080000000, 0x0000000100000000)
  region size 1024K, 3 young (3072K), 3 survivors (3072K)
 Metaspace       used 47389K, committed 48704K, reserved 1114112K
  class space    used 6443K, committed 7104K, reserved 1048576K
}
Event: 52.979 GC heap before
{Heap before GC invocations=15 (full 0):
 garbage-first heap   total 80896K, used 71448K [0x0000000080000000, 0x0000000100000000)
  region size 1024K, 26 young (26624K), 3 survivors (3072K)
 Metaspace       used 49338K, committed 50624K, reserved 1114112K
  class space    used 6652K, committed 7296K, reserved 1048576K
}
Event: 53.001 GC heap after
{Heap after GC invocations=16 (full 0):
 garbage-first heap   total 80896K, used 51339K [0x0000000080000000, 0x0000000100000000)
  region size 1024K, 3 young (3072K), 3 survivors (3072K)
 Metaspace       used 49338K, committed 50624K, reserved 1114112K
  class space    used 6652K, committed 7296K, reserved 1048576K
}
Event: 53.371 GC heap before
{Heap before GC invocations=16 (full 0):
 garbage-first heap   total 80896K, used 63627K [0x0000000080000000, 0x0000000100000000)
  region size 1024K, 17 young (17408K), 3 survivors (3072K)
 Metaspace       used 49871K, committed 51200K, reserved 1114112K
  class space    used 6709K, committed 7360K, reserved 1048576K
}
Event: 53.377 GC heap after
{Heap after GC invocations=17 (full 0):
 garbage-first heap   total 80896K, used 52201K [0x0000000080000000, 0x0000000100000000)
  region size 1024K, 2 young (2048K), 2 survivors (2048K)
 Metaspace       used 49871K, committed 51200K, reserved 1114112K
  class space    used 6709K, committed 7360K, reserved 1048576K
}

